Sat Nov 22 14:50:22 2025: Running xcd server. This server was built by gradle.
Sat Nov 22 14:50:22 2025: Server was asked to start on port: '44289'
Sat Nov 22 14:50:22 2025: Server is using token UUID: 'eb16fa98-00ea-4ead-87dc-631e6975bb62'
Sat Nov 22 14:50:22 2025: SESSION_MGR: creating session with session uuid: '6d04a3e9-ade5-4ab9-8d63-1f78fcd2ec76' and name 'default'
Sat Nov 22 14:50:22 2025: Attempting to start server on port '44289'
Sat Nov 22 14:50:22 2025: XCD main fifo: created main fifo '/tmp/xcdmaineb16fa98-00ea-4ead-87dc-631e6975bb62', fd read = 14
Sat Nov 22 14:50:22 2025: Running Dispatch Server
Sat Nov 22 14:50:22 2025: Version 2.2.0
Sat Nov 22 14:50:24 2025: Dispatch Server: Accepted socket connection from client
Sat Nov 22 14:50:24 2025: Starting Socket connection
Sat Nov 22 14:50:24 2025: EXCHANGE_TOKEN received, server token: eb16fa98-00ea-4ead-87dc-631e6975bb62, passed token: eb16fa98-00ea-4ead-87dc-631e6975bb62
Sat Nov 22 14:50:24 2025: DISPATCH_HANDLER: Adding handler from function makeHandler in library libxv_system_diagram
Sat Nov 22 14:50:24 2025: SESSION_MGR: creating session with session uuid: 'd138d22e-b8e8-4313-b3f3-925ade014dfb' and name 'birch_distance'
Sat Nov 22 14:50:24 2025: KERNEL_SVC: creating session with uuid: 'd138d22e-b8e8-4313-b3f3-925ade014dfb' and name 'birch_distance'
Sat Nov 22 14:50:24 2025: GUIDANCE_SMGR: creating guidance session with uuid: 'd138d22e-b8e8-4313-b3f3-925ade014dfb' and name 'birch_distance'
Sat Nov 22 14:50:24 2025: SYSTEM_DIAGRAM: creating session with uuid: 'd138d22e-b8e8-4313-b3f3-925ade014dfb' and name 'birch_distance'
Sat Nov 22 14:50:27 2025: SESSION_MGR: closing session for UUID 'd138d22e-b8e8-4313-b3f3-925ade014dfb' with name 'birch_distance'
Sat Nov 22 14:50:27 2025: KERNEL_SVC: closing session for UUID 'd138d22e-b8e8-4313-b3f3-925ade014dfb' with name 'birch_distance'
Sat Nov 22 14:50:27 2025: GUIDANCE_SMGR: closing session for UUID 'd138d22e-b8e8-4313-b3f3-925ade014dfb' with name 'birch_distance'
Sat Nov 22 14:50:28 2025: SYSTEM_DIAGRAM: closing session for UUID 'd138d22e-b8e8-4313-b3f3-925ade014dfb' with name 'birch_distance'
Sat Nov 22 14:50:28 2025: STOP_SERVER received, server token: eb16fa98-00ea-4ead-87dc-631e6975bb62, passed token: eb16fa98-00ea-4ead-87dc-631e6975bb62
Sat Nov 22 14:50:28 2025: Socket received request to stop server.
Sat Nov 22 14:50:28 2025: Dispatch Server: do_await_stop
Sat Nov 22 14:50:28 2025: Dispatch Server: stopping mainFifo_
Sat Nov 22 14:50:28 2025: XCD main fifo: Stopping
Sat Nov 22 14:50:28 2025: XCD main fifo: do_read error code: Operation canceled
Sat Nov 22 14:50:28 2025: XCD main fifo: bytes_transferred: 0
Sat Nov 22 14:50:28 2025: SERVER: destructor for server bound to port 44289
Sat Nov 22 14:50:28 2025: XCD main fifo: Good unlink of /tmp/xcdmaineb16fa98-00ea-4ead-87dc-631e6975bb62
Sat Nov 22 14:50:28 2025: Server exiting with status 0.
Sat Nov 22 14:50:28 2025: Closing log file.
Sat Nov 22 14:51:02 2025: Running xcd server. This server was built by gradle.
Sat Nov 22 14:51:02 2025: Server was asked to start on port: '43245'
Sat Nov 22 14:51:02 2025: Server is using token UUID: '48436876-58ec-46cd-80a1-94753e84fd27'
Sat Nov 22 14:51:02 2025: SESSION_MGR: creating session with session uuid: '6d04a3e9-ade5-4ab9-8d63-1f78fcd2ec76' and name 'default'
Sat Nov 22 14:51:02 2025: Attempting to start server on port '43245'
Sat Nov 22 14:51:02 2025: XCD main fifo: created main fifo '/tmp/xcdmain48436876-58ec-46cd-80a1-94753e84fd27', fd read = 14
Sat Nov 22 14:51:02 2025: Running Dispatch Server
Sat Nov 22 14:51:02 2025: Version 2.2.0
Sat Nov 22 14:51:04 2025: Dispatch Server: Accepted socket connection from client
Sat Nov 22 14:51:04 2025: Starting Socket connection
Sat Nov 22 14:51:04 2025: EXCHANGE_TOKEN received, server token: 48436876-58ec-46cd-80a1-94753e84fd27, passed token: 48436876-58ec-46cd-80a1-94753e84fd27
Sat Nov 22 14:51:04 2025: DISPATCH_HANDLER: Adding handler from function makeHandler in library libxv_system_diagram
Sat Nov 22 14:51:04 2025: SESSION_MGR: creating session with session uuid: 'b49b2087-aea0-43a6-96b3-e4786a6c56f2' and name 'birch_distance'
Sat Nov 22 14:51:04 2025: KERNEL_SVC: creating session with uuid: 'b49b2087-aea0-43a6-96b3-e4786a6c56f2' and name 'birch_distance'
Sat Nov 22 14:51:04 2025: GUIDANCE_SMGR: creating guidance session with uuid: 'b49b2087-aea0-43a6-96b3-e4786a6c56f2' and name 'birch_distance'
Sat Nov 22 14:51:04 2025: SYSTEM_DIAGRAM: creating session with uuid: 'b49b2087-aea0-43a6-96b3-e4786a6c56f2' and name 'birch_distance'
Sat Nov 22 14:51:08 2025: SESSION_MGR: closing session for UUID 'b49b2087-aea0-43a6-96b3-e4786a6c56f2' with name 'birch_distance'
Sat Nov 22 14:51:08 2025: KERNEL_SVC: closing session for UUID 'b49b2087-aea0-43a6-96b3-e4786a6c56f2' with name 'birch_distance'
Sat Nov 22 14:51:08 2025: GUIDANCE_SMGR: closing session for UUID 'b49b2087-aea0-43a6-96b3-e4786a6c56f2' with name 'birch_distance'
Sat Nov 22 14:51:08 2025: SYSTEM_DIAGRAM: closing session for UUID 'b49b2087-aea0-43a6-96b3-e4786a6c56f2' with name 'birch_distance'
Sat Nov 22 14:51:08 2025: STOP_SERVER received, server token: 48436876-58ec-46cd-80a1-94753e84fd27, passed token: 48436876-58ec-46cd-80a1-94753e84fd27
Sat Nov 22 14:51:08 2025: Socket received request to stop server.
Sat Nov 22 14:51:08 2025: Dispatch Server: do_await_stop
Sat Nov 22 14:51:08 2025: Dispatch Server: stopping mainFifo_
Sat Nov 22 14:51:08 2025: XCD main fifo: Stopping
Sat Nov 22 14:51:08 2025: XCD main fifo: do_read error code: Operation canceled
Sat Nov 22 14:51:08 2025: XCD main fifo: bytes_transferred: 0
Sat Nov 22 14:51:08 2025: SERVER: destructor for server bound to port 43245
Sat Nov 22 14:51:08 2025: XCD main fifo: Good unlink of /tmp/xcdmain48436876-58ec-46cd-80a1-94753e84fd27
Sat Nov 22 14:51:08 2025: Server exiting with status 0.
Sat Nov 22 14:51:08 2025: Closing log file.
